C:\USERS\USER\DESKTOP\MSO_背景图完成\DEBUG\MSO_VERSION1.EXE
C:\USERS\USER\DESKTOP\MSO_背景图完成\DEBUG\MSO_VERSION1.ILK
C:\USERS\USER\DESKTOP\MSO_背景图完成\DEBUG\MSO_VERSION1.PDB
C:\USERS\USER\DESKTOP\MSO_背景图完成\MSO_VERSION1\DEBUG\BTNST.OBJ
C:\Users\user\Desktop\MSO_背景图完成\MSO_Version1\Debug\cl.command.1.tlog
C:\Users\user\Desktop\MSO_背景图完成\MSO_Version1\Debug\CL.read.1.tlog
C:\Users\user\Desktop\MSO_背景图完成\MSO_Version1\Debug\CL.write.1.tlog
C:\Users\user\Desktop\MSO_背景图完成\MSO_Version1\Debug\link.1528.read.1.tlog
C:\Users\user\Desktop\MSO_背景图完成\MSO_Version1\Debug\link.1528.write.1.tlog
C:\Users\user\Desktop\MSO_背景图完成\MSO_Version1\Debug\link.1528-cvtres.read.1.tlog
C:\Users\user\Desktop\MSO_背景图完成\MSO_Version1\Debug\link.1528-cvtres.write.1.tlog
C:\Users\user\Desktop\MSO_背景图完成\MSO_Version1\Debug\link.3368.read.1.tlog
C:\Users\user\Desktop\MSO_背景图完成\MSO_Version1\Debug\link.3368.write.1.tlog
C:\Users\user\Desktop\MSO_背景图完成\MSO_Version1\Debug\link.3368-cvtres.read.1.tlog
C:\Users\user\Desktop\MSO_背景图完成\MSO_Version1\Debug\link.3368-cvtres.write.1.tlog
C:\Users\user\Desktop\MSO_背景图完成\MSO_Version1\Debug\link.3684.read.1.tlog
C:\Users\user\Desktop\MSO_背景图完成\MSO_Version1\Debug\link.3684.write.1.tlog
C:\Users\user\Desktop\MSO_背景图完成\MSO_Version1\Debug\link.3684-cvtres.read.1.tlog
C:\Users\user\Desktop\MSO_背景图完成\MSO_Version1\Debug\link.3684-cvtres.write.1.tlog
C:\Users\user\Desktop\MSO_背景图完成\MSO_Version1\Debug\link.3732.read.1.tlog
C:\Users\user\Desktop\MSO_背景图完成\MSO_Version1\Debug\link.3732.write.1.tlog
C:\Users\user\Desktop\MSO_背景图完成\MSO_Version1\Debug\link.3732-cvtres.read.1.tlog
C:\Users\user\Desktop\MSO_背景图完成\MSO_Version1\Debug\link.3732-cvtres.write.1.tlog
C:\Users\user\Desktop\MSO_背景图完成\MSO_Version1\Debug\link.3988.read.1.tlog
C:\Users\user\Desktop\MSO_背景图完成\MSO_Version1\Debug\link.3988.write.1.tlog
C:\Users\user\Desktop\MSO_背景图完成\MSO_Version1\Debug\link.3988-cvtres.read.1.tlog
C:\Users\user\Desktop\MSO_背景图完成\MSO_Version1\Debug\link.3988-cvtres.write.1.tlog
C:\Users\user\Desktop\MSO_背景图完成\MSO_Version1\Debug\link.5316.read.1.tlog
C:\Users\user\Desktop\MSO_背景图完成\MSO_Version1\Debug\link.5316.write.1.tlog
C:\Users\user\Desktop\MSO_背景图完成\MSO_Version1\Debug\link.5316-cvtres.read.1.tlog
C:\Users\user\Desktop\MSO_背景图完成\MSO_Version1\Debug\link.5316-cvtres.write.1.tlog
C:\Users\user\Desktop\MSO_背景图完成\MSO_Version1\Debug\link.5664.read.1.tlog
C:\Users\user\Desktop\MSO_背景图完成\MSO_Version1\Debug\link.5664.write.1.tlog
C:\Users\user\Desktop\MSO_背景图完成\MSO_Version1\Debug\link.5664-cvtres.read.1.tlog
C:\Users\user\Desktop\MSO_背景图完成\MSO_Version1\Debug\link.5664-cvtres.write.1.tlog
C:\Users\user\Desktop\MSO_背景图完成\MSO_Version1\Debug\link.command.1.tlog
C:\Users\user\Desktop\MSO_背景图完成\MSO_Version1\Debug\link.read.1.tlog
C:\Users\user\Desktop\MSO_背景图完成\MSO_Version1\Debug\link.write.1.tlog
C:\Users\user\Desktop\MSO_背景图完成\MSO_Version1\Debug\link-cvtres.read.1.tlog
C:\Users\user\Desktop\MSO_背景图完成\MSO_Version1\Debug\link-cvtres.write.1.tlog
C:\USERS\USER\DESKTOP\MSO_背景图完成\MSO_VERSION1\DEBUG\MSO_VERSION1.EXE.EMBED.MANIFEST
C:\USERS\USER\DESKTOP\MSO_背景图完成\MSO_VERSION1\DEBUG\MSO_VERSION1.EXE.EMBED.MANIFEST.RES
C:\USERS\USER\DESKTOP\MSO_背景图完成\MSO_VERSION1\DEBUG\MSO_VERSION1.EXE.INTERMEDIATE.MANIFEST
C:\USERS\USER\DESKTOP\MSO_背景图完成\MSO_VERSION1\DEBUG\MSO_VERSION1.OBJ
C:\USERS\USER\DESKTOP\MSO_背景图完成\MSO_VERSION1\DEBUG\MSO_VERSION1.PCH
C:\USERS\USER\DESKTOP\MSO_背景图完成\MSO_VERSION1\DEBUG\MSO_VERSION1.RES
C:\Users\user\Desktop\MSO_背景图完成\MSO_Version1\Debug\MSO_Version1.vcxprojResolveAssemblyReference.cache
C:\Users\user\Desktop\MSO_背景图完成\MSO_Version1\Debug\MSO_Version1.write.1.tlog
C:\Users\user\Desktop\MSO_背景图完成\MSO_Version1\Debug\MSO_Version1_manifest.rc
C:\USERS\USER\DESKTOP\MSO_背景图完成\MSO_VERSION1\DEBUG\MSO_VERSION1DLG.OBJ
C:\USERS\USER\DESKTOP\MSO_背景图完成\MSO_VERSION1\DEBUG\MSOBTDELETECHILDDLG.OBJ
C:\USERS\USER\DESKTOP\MSO_背景图完成\MSO_VERSION1\DEBUG\MSOBTFREQCHOOSEDLG.OBJ
C:\USERS\USER\DESKTOP\MSO_背景图完成\MSO_VERSION1\DEBUG\MSOBTHISTOGRAMDLG.OBJ
C:\USERS\USER\DESKTOP\MSO_背景图完成\MSO_VERSION1\DEBUG\MSOBTMORECHILDDLG.OBJ
C:\USERS\USER\DESKTOP\MSO_背景图完成\MSO_VERSION1\DEBUG\MSOBTMORECHOOSEDLG.OBJ
C:\USERS\USER\DESKTOP\MSO_背景图完成\MSO_VERSION1\DEBUG\MSOBTMORELEVELDLG.OBJ
C:\USERS\USER\DESKTOP\MSO_背景图完成\MSO_VERSION1\DEBUG\MSOBTMOREMETHODDLG.OBJ
C:\USERS\USER\DESKTOP\MSO_背景图完成\MSO_VERSION1\DEBUG\MSOBTMORESTATISTICSDLG.OBJ
C:\USERS\USER\DESKTOP\MSO_背景图完成\MSO_VERSION1\DEBUG\MSOMAINMENUDLG.OBJ
C:\USERS\USER\DESKTOP\MSO_背景图完成\MSO_VERSION1\DEBUG\MSOWAVE.OBJ
C:\USERS\USER\DESKTOP\MSO_背景图完成\MSO_VERSION1\DEBUG\MSOWAVEFREQ.OBJ
C:\Users\user\Desktop\MSO_背景图完成\MSO_Version1\Debug\mt.command.1.tlog
C:\Users\user\Desktop\MSO_背景图完成\MSO_Version1\Debug\mt.read.1.tlog
C:\Users\user\Desktop\MSO_背景图完成\MSO_Version1\Debug\mt.write.1.tlog
C:\Users\user\Desktop\MSO_背景图完成\MSO_Version1\Debug\rc.command.1.tlog
C:\Users\user\Desktop\MSO_背景图完成\MSO_Version1\Debug\rc.read.1.tlog
C:\Users\user\Desktop\MSO_背景图完成\MSO_Version1\Debug\rc.write.1.tlog
C:\USERS\USER\DESKTOP\MSO_背景图完成\MSO_VERSION1\DEBUG\STDAFX.OBJ
C:\Users\user\Desktop\MSO_背景图完成\MSO_Version1\Debug\vc100.idb
C:\USERS\USER\DESKTOP\MSO_背景图完成\MSO_VERSION1\DEBUG\VC100.PDB
